<?xml version="1.0" encoding="UTF-8"?>
<!-- Generated by org.testng.reporters.JUnitReportReporter -->
<testsuite skipped="0" hostname="SukanSingh-PC" name="com.demo.testcases.GetUsers" tests="2" failures="0" timestamp="07 Dec 2018 18:41:38 GMT" time="0.020" errors="0">
  <testcase name="getAllUsers" time="0.020" classname="com.demo.testcases.GetUsers"/>
  <testcase name="getUserById" time="0.000" classname="com.demo.testcases.GetUsers"/>
</testsuite> <!-- com.demo.testcases.GetUsers -->
