<?xml version="1.0" encoding="UTF-8"?>
<!-- Generated by org.testng.reporters.JUnitReportReporter -->
<testsuite name="com.demo.testcases.GetUsers" tests="2" time="0.018" ignored="0" failures="0" timestamp="07 Dec 2018 11:22:59 GMT" skipped="0" hostname="Sukan-S" errors="0">
  <testcase name="getAllUsers" time="0.017" classname="com.demo.testcases.GetUsers"/>
  <testcase name="getUserById" time="0.001" classname="com.demo.testcases.GetUsers"/>
</testsuite> <!-- com.demo.testcases.GetUsers -->
